<?xml version="1.0" encoding="UTF-8"?>
<!-- Generated by org.testng.reporters.JUnitXMLReporter -->
<testsuite hostname="LAPTOP-PLBTIQVB" ignored="0" name="956" tests="6" failures="0" timestamp="20 Jan 2021 12:36:30 GMT" time="47.449" errors="0">
  <testcase name="f4" time="46.344" classname="com.facebook.tests.FBRegisterTest"/>
  <testcase name="f3" time="46.996" classname="com.facebook.tests.FBRegisterTest"/>
  <testcase name="f2" time="47.033" classname="com.facebook.tests.FBRegisterTest"/>
  <testcase name="f5" time="47.033" classname="com.facebook.tests.FBRegisterTest"/>
  <testcase name="f1" time="47.042" classname="com.facebook.tests.FBRegisterTest"/>
  <testcase name="f6" time="47.408" classname="com.facebook.tests.FBRegisterTest"/>
</testsuite> <!-- 956 -->
