<?xml version="1.0" encoding="UTF-8"?>
<testng-results skipped="0" failed="1" ignored="0" total="3" passed="2">
  <reporter-output>
  </reporter-output>
  <suite name="Suite" duration-ms="8677" started-at="2021-01-31T07:06:57Z" finished-at="2021-01-31T07:07:06Z">
    <groups>
      <group name="regression">
        <method signature="FacebookRegister.FacebookRegisterTest1()[pri:0, instance:com.facebook.tests.FacebookRegister@604ed9f0]" name="FacebookRegisterTest1" class="com.facebook.tests.FacebookRegister"/>
        <method signature="FacebookRegister.FacebookRegisterTest2()[pri:0, instance:com.facebook.tests.FacebookRegister@604ed9f0]" name="FacebookRegisterTest2" class="com.facebook.tests.FacebookRegister"/>
        <method signature="FacebookRegister.FacebookRegisterTest3()[pri:0, instance:com.facebook.tests.FacebookRegister@604ed9f0]" name="FacebookRegisterTest3" class="com.facebook.tests.FacebookRegister"/>
      </group> <!-- regression -->
    </groups>
    <test name="Test" duration-ms="8677" started-at="2021-01-31T07:06:57Z" finished-at="2021-01-31T07:07:06Z">
      <class name="com.facebook.tests.FacebookRegister">
        <test-method status="PASS" signature="FacebookRegisterTest3()[pri:0, instance:com.facebook.tests.FacebookRegister@604ed9f0]" name="FacebookRegisterTest3" duration-ms="8639" started-at="2021-01-31T07:06:57Z" description="Aniket Facebook Register Test" finished-at="2021-01-31T07:07:06Z">
          <reporter-output>
          </reporter-output>
        </test-method> <!-- FacebookRegisterTest3 -->
        <test-method status="PASS" signature="FacebookRegisterTest1()[pri:0, instance:com.facebook.tests.FacebookRegister@604ed9f0]" name="FacebookRegisterTest1" duration-ms="8129" started-at="2021-01-31T07:06:57Z" description="Avinash Facebook Register Test" finished-at="2021-01-31T07:07:06Z">
          <reporter-output>
          </reporter-output>
        </test-method> <!-- FacebookRegisterTest1 -->
        <test-method status="FAIL" signature="FacebookRegisterTest2()[pri:0, instance:com.facebook.tests.FacebookRegister@604ed9f0]" name="FacebookRegisterTest2" duration-ms="7579" started-at="2021-01-31T07:06:57Z" description="Suraj Facebook Register Test" finished-at="2021-01-31T07:07:05Z">
          <exception class="org.openqa.selenium.WebDriverException">
            <message>
              <![CDATA[unknown error: cannot determine loading status
from disconnected: received Inspector.detached event
  (Session info: chrome=88.0.4324.104)
Build info: version: '3.141.59', revision: 'e82be7d358', time: '2018-11-14T08:17:03'
System info: host: 'LAPTOP-PLBTIQVB', ip: '172.20.10.3', os.name: 'Windows 10', os.arch: 'amd64', os.version: '10.0', java.version: '1.8.0_201'
Driver info: org.openqa.selenium.chrome.ChromeDriver
Capabilities {acceptInsecureCerts: false, browserName: chrome, browserVersion: 88.0.4324.104, chrome: {chromedriverVersion: 88.0.4324.96 (68dba2d8a0b14..., userDataDir: C:\Users\Avinash\AppData\Lo...}, goog:chromeOptions: {debuggerAddress: localhost:56352}, javascriptEnabled: true, networkConnectionEnabled: false, pageLoadStrategy: normal, platform: WINDOWS, platformName: WINDOWS, proxy: Proxy(), setWindowRect: true, strictFileInteractability: false, timeouts: {implicit: 0, pageLoad: 300000, script: 30000}, unhandledPromptBehavior: dismiss and notify, webauthn:extension:largeBlob: true, webauthn:virtualAuthenticators: true}
Session ID: f38fa85764ee9a3684e3e641ee5aa9a7]]>
            </message>
            <full-stacktrace>
              <![CDATA[org.openqa.selenium.WebDriverException: unknown error: cannot determine loading status
from disconnected: received Inspector.detached event
  (Session info: chrome=88.0.4324.104)
Build info: version: '3.141.59', revision: 'e82be7d358', time: '2018-11-14T08:17:03'
System info: host: 'LAPTOP-PLBTIQVB', ip: '172.20.10.3', os.name: 'Windows 10', os.arch: 'amd64', os.version: '10.0', java.version: '1.8.0_201'
Driver info: org.openqa.selenium.chrome.ChromeDriver
Capabilities {acceptInsecureCerts: false, browserName: chrome, browserVersion: 88.0.4324.104, chrome: {chromedriverVersion: 88.0.4324.96 (68dba2d8a0b14..., userDataDir: C:\Users\Avinash\AppData\Lo...}, goog:chromeOptions: {debuggerAddress: localhost:56352}, javascriptEnabled: true, networkConnectionEnabled: false, pageLoadStrategy: normal, platform: WINDOWS, platformName: WINDOWS, proxy: Proxy(), setWindowRect: true, strictFileInteractability: false, timeouts: {implicit: 0, pageLoad: 300000, script: 30000}, unhandledPromptBehavior: dismiss and notify, webauthn:extension:largeBlob: true, webauthn:virtualAuthenticators: true}
Session ID: f38fa85764ee9a3684e3e641ee5aa9a7
at sun.reflect.NativeConstructorAccessorImpl.newInstance0(Native Method)
at sun.reflect.NativeConstructorAccessorImpl.newInstance(Unknown Source)
at sun.reflect.DelegatingConstructorAccessorImpl.newInstance(Unknown Source)
at java.lang.reflect.Constructor.newInstance(Unknown Source)
at org.openqa.selenium.remote.http.W3CHttpResponseCodec.createException(W3CHttpResponseCodec.java:187)
at org.openqa.selenium.remote.http.W3CHttpResponseCodec.decode(W3CHttpResponseCodec.java:122)
at org.openqa.selenium.remote.http.W3CHttpResponseCodec.decode(W3CHttpResponseCodec.java:49)
at org.openqa.selenium.remote.HttpCommandExecutor.execute(HttpCommandExecutor.java:158)
at org.openqa.selenium.remote.service.DriverCommandExecutor.execute(DriverCommandExecutor.java:83)
at org.openqa.selenium.remote.RemoteWebDriver.execute(RemoteWebDriver.java:552)
at org.openqa.selenium.remote.RemoteWebDriver.get(RemoteWebDriver.java:277)
at com.facebook.tests.FacebookRegister.FacebookRegisterTest2(FacebookRegister.java:72)
at sun.reflect.NativeMethodAccessorImpl.invoke0(Native Method)
at sun.reflect.NativeMethodAccessorImpl.invoke(Unknown Source)
at sun.reflect.DelegatingMethodAccessorImpl.invoke(Unknown Source)
at java.lang.reflect.Method.invoke(Unknown Source)
at org.testng.internal.MethodInvocationHelper.invokeMethod(MethodInvocationHelper.java:124)
at org.testng.internal.Invoker.invokeMethod(Invoker.java:583)
at org.testng.internal.Invoker.invokeTestMethod(Invoker.java:719)
at org.testng.internal.Invoker.invokeTestMethods(Invoker.java:989)
at org.testng.internal.TestMethodWorker.invokeTestMethods(TestMethodWorker.java:125)
at org.testng.internal.TestMethodWorker.run(TestMethodWorker.java:109)
at java.util.concurrent.ThreadPoolExecutor.runWorker(Unknown Source)
at java.util.concurrent.ThreadPoolExecutor$Worker.run(Unknown Source)
at java.lang.Thread.run(Unknown Source)
]]>
            </full-stacktrace>
          </exception> <!-- org.openqa.selenium.WebDriverException -->
          <reporter-output>
          </reporter-output>
        </test-method> <!-- FacebookRegisterTest2 -->
      </class> <!-- com.facebook.tests.FacebookRegister -->
    </test> <!-- Test -->
  </suite> <!-- Suite -->
</testng-results>
